# JRE version: Java(TM) SE Runtime Environment (17.0.12+8) (build 17.0.12+8-LTS-286)
# Java VM: Java HotSpot(TM) 64-Bit Server VM (17.0.12+8-LTS-286, mixed mode, sharing, tiered, compressed oops, compressed class ptrs, g1 gc, windows-amd64)
GC Precious Log:
 CPUs: 4 total, 4 available
 Memory: 3499M
 Large Page Support: Disabled
 NUMA Support: Disabled
 Compressed Oops: Enabled (32-bit)
 Heap Region Size: 1M
 Heap Min Capacity: 256M
 Heap Initial Capacity: 256M
 Heap Max Capacity: 512M
 Pre-touch: Disabled
 Parallel Workers: 4
 Concurrent Workers: 1
 Concurrent Refinement Workers: 4
 Periodic GC: Disabled
Heap:
 garbage-first heap   total 262144K, used 159668K [0x00000000e0000000, 0x0000000100000000)
  region size 1024K, 108 young (110592K), 1 survivors (1024K)
 Metaspace       used 59415K, committed 60096K, reserved 393216K
  class space    used 8261K, committed 8576K, reserved 327680K
GC Heap History (20 events):
Event: 18.290 GC heap before
{Heap before GC invocations=11 (full 0):
 garbage-first heap   total 262144K, used 196297K [0x00000000e0000000, 0x0000000100000000)
  region size 1024K, 153 young (156672K), 1 survivors (1024K)
 Metaspace       used 55812K, committed 56448K, reserved 393216K
  class space    used 7699K, committed 8000K, reserved 327680K
}
Event: 18.304 GC heap after
{Heap after GC invocations=12 (full 0):
 garbage-first heap   total 262144K, used 48841K [0x00000000e0000000, 0x0000000100000000)
  region size 1024K, 8 young (8192K), 8 survivors (8192K)
 Metaspace       used 55812K, committed 56448K, reserved 393216K
  class space    used 7699K, committed 8000K, reserved 327680K
}
Event: 6512.642 GC heap before
{Heap before GC invocations=13 (full 0):
 garbage-first heap   total 262144K, used 197321K [0x00000000e0000000, 0x0000000100000000)
  region size 1024K, 153 young (156672K), 8 survivors (8192K)
 Metaspace       used 59399K, committed 60032K, reserved 393216K
  class space    used 8261K, committed 8576K, reserved 327680K
}
Event: 6513.158 GC heap after
{Heap after GC invocations=14 (full 0):
 garbage-first heap   total 262144K, used 51519K [0x00000000e0000000, 0x0000000100000000)
  region size 1024K, 11 young (11264K), 11 survivors (11264K)
 Metaspace       used 59399K, committed 60032K, reserved 393216K
  class space    used 8261K, committed 8576K, reserved 327680K
}
Event: 7495.647 GC heap before
{Heap before GC invocations=14 (full 0):
 garbage-first heap   total 262144K, used 67903K [0x00000000e0000000, 0x0000000100000000)
  region size 1024K, 27 young (27648K), 11 survivors (11264K)
 Metaspace       used 59406K, committed 60032K, reserved 393216K
  class space    used 8261K, committed 8576K, reserved 327680K
}
Event: 7495.930 GC heap after
{Heap after GC invocations=15 (full 0):
 garbage-first heap   total 262144K, used 52603K [0x00000000e0000000, 0x0000000100000000)
  region size 1024K, 2 young (2048K), 2 survivors (2048K)
 Metaspace       used 59406K, committed 60032K, reserved 393216K
  class space    used 8261K, committed 8576K, reserved 327680K
}
Event: 76620.801 GC heap before
{Heap before GC invocations=15 (full 0):
 garbage-first heap   total 262144K, used 207227K [0x00000000e0000000, 0x0000000100000000)
  region size 1024K, 153 young (156672K), 2 survivors (2048K)
 Metaspace       used 59413K, committed 60096K, reserved 393216K
  class space    used 8261K, committed 8576K, reserved 327680K
}
Event: 76620.932 GC heap after
{Heap after GC invocations=16 (full 0):
 garbage-first heap   total 262144K, used 51580K [0x00000000e0000000, 0x0000000100000000)
  region size 1024K, 1 young (1024K), 1 survivors (1024K)
 Metaspace       used 59413K, committed 60096K, reserved 393216K
  class space    used 8261K, committed 8576K, reserved 327680K
}
Event: 76621.984 GC heap before
{Heap before GC invocations=16 (full 0):
 garbage-first heap   total 262144K, used 62844K [0x00000000e0000000, 0x0000000100000000)
  region size 1024K, 12 young (12288K), 1 survivors (1024K)
 Metaspace       used 59413K, committed 60096K, reserved 393216K
  class space    used 8261K, committed 8576K, reserved 327680K
}
Event: 76621.994 GC heap after
{Heap after GC invocations=17 (full 0):
 garbage-first heap   total 262144K, used 51199K [0x00000000e0000000, 0x0000000100000000)
  region size 1024K, 1 young (1024K), 1 survivors (1024K)
 Metaspace       used 59413K, committed 60096K, reserved 393216K
  class space    used 8261K, committed 8576K, reserved 327680K
}
Event: 76622.016 GC heap before
{Heap before GC invocations=17 (full 0):
 garbage-first heap   total 262144K, used 62463K [0x00000000e0000000, 0x0000000100000000)
  region size 1024K, 12 young (12288K), 1 survivors (1024K)
 Metaspace       used 59413K, committed 60096K, reserved 393216K
  class space    used 8261K, committed 8576K, reserved 327680K
}
Event: 76622.018 GC heap after
{Heap after GC invocations=18 (full 0):
 garbage-first heap   total 262144K, used 51140K [0x00000000e0000000, 0x0000000100000000)
  region size 1024K, 1 young (1024K), 1 survivors (1024K)
 Metaspace       used 59413K, committed 60096K, reserved 393216K
  class space    used 8261K, committed 8576K, reserved 327680K
}
Event: 76622.191 GC heap before
{Heap before GC invocations=18 (full 0):
 garbage-first heap   total 262144K, used 62404K [0x00000000e0000000, 0x0000000100000000)
  region size 1024K, 12 young (12288K), 1 survivors (1024K)
 Metaspace       used 59413K, committed 60096K, reserved 393216K
  class space    used 8261K, committed 8576K, reserved 327680K
}
Event: 76622.192 GC heap after
{Heap after GC invocations=19 (full 0):
 garbage-first heap   total 262144K, used 51120K [0x00000000e0000000, 0x0000000100000000)
  region size 1024K, 1 young (1024K), 1 survivors (1024K)
 Metaspace       used 59413K, committed 60096K, reserved 393216K
  class space    used 8261K, committed 8576K, reserved 327680K
}
Event: 76624.232 GC heap before
{Heap before GC invocations=19 (full 0):
 garbage-first heap   total 262144K, used 94128K [0x00000000e0000000, 0x0000000100000000)
  region size 1024K, 43 young (44032K), 1 survivors (1024K)
 Metaspace       used 59413K, committed 60096K, reserved 393216K
  class space    used 8261K, committed 8576K, reserved 327680K
}
Event: 76624.234 GC heap after
{Heap after GC invocations=20 (full 0):
 garbage-first heap   total 262144K, used 51122K [0x00000000e0000000, 0x0000000100000000)
  region size 1024K, 1 young (1024K), 1 survivors (1024K)
 Metaspace       used 59413K, committed 60096K, reserved 393216K
  class space    used 8261K, committed 8576K, reserved 327680K
}
Event: 76626.295 GC heap before
{Heap before GC invocations=20 (full 0):
 garbage-first heap   total 262144K, used 181170K [0x00000000e0000000, 0x0000000100000000)
  region size 1024K, 128 young (131072K), 1 survivors (1024K)
 Metaspace       used 59413K, committed 60096K, reserved 393216K
  class space    used 8261K, committed 8576K, reserved 327680K
}
Event: 76626.296 GC heap after
{Heap after GC invocations=21 (full 0):
 garbage-first heap   total 262144K, used 51122K [0x00000000e0000000, 0x0000000100000000)
  region size 1024K, 1 young (1024K), 1 survivors (1024K)
 Metaspace       used 59413K, committed 60096K, reserved 393216K
  class space    used 8261K, committed 8576K, reserved 327680K
}
Event: 76627.388 GC heap before
{Heap before GC invocations=21 (full 0):
 garbage-first heap   total 262144K, used 206770K [0x00000000e0000000, 0x0000000100000000)
  region size 1024K, 153 young (156672K), 1 survivors (1024K)
 Metaspace       used 59413K, committed 60096K, reserved 393216K
  class space    used 8261K, committed 8576K, reserved 327680K
}
Event: 76627.392 GC heap after
{Heap after GC invocations=22 (full 0):
 garbage-first heap   total 262144K, used 51124K [0x00000000e0000000, 0x0000000100000000)
  region size 1024K, 1 young (1024K), 1 survivors (1024K)
 Metaspace       used 59413K, committed 60096K, reserved 393216K
  class space    used 8261K, committed 8576K, reserved 327680K
}

